Using pre-set license
Built from '2020.3/staging' branch; Version is '2020.3.0f1 (c7b5465681fb) revision 13088070'; Using compiler version '192528614'; Build Type 'Release'
OS: 'Windows 10 Home; OS build 19041.867; Version 2004; 64bit' Language: 'fr' Physical Memory: 8074 MB
BatchMode: 1, IsHumanControllingUs: 0, StartBugReporterOnCrash: 0, Is64bit: 1, IsPro: 0

 COMMAND LINE ARGUMENTS:
C:\Program Files\Unity\Hub\Editor\2020.3.0f1\Editor\Unity.exe
-adb2
-batchMode
-noUpm
-name
AssetImportWorker0
-projectPath
D:/Unity Projets/SolarSystem_
-logFile
Logs/AssetImportWorker0.log
-srvPort
54074
Successfully changed project path to: D:/Unity Projets/SolarSystem_
D:/Unity Projets/SolarSystem_
Using Asset Import Pipeline V2.
Refreshing native plugins compatible for Editor in 65.17 ms, found 4 plugins.
Preloading 1 native plugins for Editor in 1.34 ms.
Initialize engine version: 2020.3.0f1 (c7b5465681fb)
[Subsystems] Discovering subsystems at path C:/Program Files/Unity/Hub/Editor/2020.3.0f1/Editor/Data/Resources/UnitySubsystems
[Subsystems] Discovering subsystems at path D:/Unity Projets/SolarSystem_/Assets
GfxDevice: creating device client; threaded=0
Direct3D:
    Version:  Direct3D 11.0 [level 11.1]
    Renderer: Intel(R) UHD Graphics 620 (ID=0x5917)
    Vendor:   
    VRAM:     4037 MB
    Driver:   26.20.100.7372
Shader 'Oculus/OVRMRCameraFrameLit': fallback shader 'Alpha-Diffuse' not found
Initialize mono
Mono path[0] = 'C:/Program Files/Unity/Hub/Editor/2020.3.0f1/Editor/Data/Managed'
Mono path[1] = 'C:/Program Files/Unity/Hub/Editor/2020.3.0f1/Editor/Data/MonoBleedingEdge/lib/mono/unityjit'
Mono config path = 'C:/Program Files/Unity/Hub/Editor/2020.3.0f1/Editor/Data/MonoBleedingEdge/etc'
Using monoOptions --debugger-agent=transport=dt_socket,embedding=1,server=y,suspend=n,address=127.0.0.1:56564
Begin MonoManager ReloadAssembly
Registering precompiled unity dll's ...
Register platform support module: C:/Program Files/Unity/Hub/Editor/2020.3.0f1/Editor/Data/PlaybackEngines/WindowsStandaloneSupport/UnityEditor.WindowsStandalone.Extensions.dll
Registered in 0.003563 seconds.
Native extension for WindowsStandalone target not found
Refreshing native plugins compatible for Editor in 78.80 ms, found 4 plugins.
Preloading 1 native plugins for Editor in 0.08 ms.
Invoked RoslynAnalysisRunner static constructor.
RoslynAnalysisRunner will not be running.
RoslynAnalysisRunner has terminated.
Mono: successfully reloaded assembly
- Completed reload, in  3.058 seconds
Platform modules already initialized, skipping
Registering precompiled user dll's ...
Registered in 0.002698 seconds.
Begin MonoManager ReloadAssembly
Native extension for WindowsStandalone target not found
Refreshing native plugins compatible for Editor in 0.84 ms, found 4 plugins.
Preloading 1 native plugins for Editor in 0.05 ms.
Invoked RoslynAnalysisRunner static constructor.
RoslynAnalysisRunner will not be running.
RoslynAnalysisRunner has terminated.
[XR] OculusXRPlugin: registering subsystems
[XR] Unable to register display lifecyle provider: [1]
[XR] Oculus Input lifecycle provider registered.
[XR] Unable to register input lifecyle provider: [1]
[XR] OVRP version 1.57.0
Mono: successfully reloaded assembly
- Completed reload, in  1.468 seconds
Platform modules already initialized, skipping
========================================================================
Worker process is ready to serve import requests
Shader 'Oculus/OVRMRCameraFrameLit': fallback shader 'Alpha-Diffuse' not found
Launched and connected shader compiler UnityShaderCompiler.exe after 0.20 seconds
Refreshing native plugins compatible for Editor in 0.92 ms, found 4 plugins.
Preloading 1 native plugins for Editor in 0.05 ms.
Unloading 1758 Unused Serialized files (Serialized files now loaded: 0)
System memory in use before: 157.7 MB.
System memory in use after: 157.8 MB.

Unloading 34 unused Assets to reduce memory usage. Loaded Objects now: 2184.
Total: 2.931700 ms (FindLiveObjects: 0.304200 ms CreateObjectMapping: 0.152600 ms MarkObjects: 2.313900 ms  DeleteObjects: 0.159100 ms)

========================================================================
Received Import Request.
  path: Assets/Interractions/PickableItem.cs
  artifactKey: Guid(6016cc0b5bb2d0a4abebc0f407529940) Importer(815301076,1909f56bfc062723c751e8b465ee728b)
Start importing Assets/Interractions/PickableItem.cs using Guid(6016cc0b5bb2d0a4abebc0f407529940) Importer(815301076,1909f56bfc062723c751e8b465ee728b)  -> (artifact id: '9e312c0b5bcedebc48f1adac0073faed') in 0.188734 seconds
  Import took 0.281052 seconds .

========================================================================
Received Prepare
Registering precompiled user dll's ...
Registered in 0.168366 seconds.
Begin MonoManager ReloadAssembly
Native extension for WindowsStandalone target not found
Refreshing native plugins compatible for Editor in 0.87 ms, found 4 plugins.
Preloading 1 native plugins for Editor in 0.07 ms.
Invoked RoslynAnalysisRunner static constructor.
RoslynAnalysisRunner will not be running.
RoslynAnalysisRunner has terminated.
Mono: successfully reloaded assembly
- Completed reload, in  1.203 seconds
Platform modules already initialized, skipping
Shader 'Oculus/OVRMRCameraFrameLit': fallback shader 'Alpha-Diffuse' not found
Refreshing native plugins compatible for Editor in 0.67 ms, found 4 plugins.
Preloading 1 native plugins for Editor in 0.04 ms.
Unloading 1694 Unused Serialized files (Serialized files now loaded: 0)
System memory in use before: 153.5 MB.
System memory in use after: 153.6 MB.

Unloading 29 unused Assets to reduce memory usage. Loaded Objects now: 2188.
Total: 2.871100 ms (FindLiveObjects: 0.264100 ms CreateObjectMapping: 0.108400 ms MarkObjects: 2.391400 ms  DeleteObjects: 0.104800 ms)

========================================================================
Received Import Request.
  Time since last request: 1051.719156 seconds.
  path: Assets/Interractions/PickableItem.cs
  artifactKey: Guid(6016cc0b5bb2d0a4abebc0f407529940) Importer(815301076,1909f56bfc062723c751e8b465ee728b)
Start importing Assets/Interractions/PickableItem.cs using Guid(6016cc0b5bb2d0a4abebc0f407529940) Importer(815301076,1909f56bfc062723c751e8b465ee728b)  -> (artifact id: 'dfb9e865201a1bdb2cf80e99ec546c53') in 0.005964 seconds
  Import took 0.009678 seconds .

========================================================================
Received Import Request.
  Time since last request: 2.027824 seconds.
  path: Assets/Interractions/PickableItem.cs
  artifactKey: Guid(6016cc0b5bb2d0a4abebc0f407529940) Importer(815301076,1909f56bfc062723c751e8b465ee728b)
Start importing Assets/Interractions/PickableItem.cs using Guid(6016cc0b5bb2d0a4abebc0f407529940) Importer(815301076,1909f56bfc062723c751e8b465ee728b)  -> (artifact id: 'dfb9e865201a1bdb2cf80e99ec546c53') in 0.003083 seconds
  Import took 0.007332 seconds .

========================================================================
Received Prepare
Registering precompiled user dll's ...
Registered in 0.001892 seconds.
Begin MonoManager ReloadAssembly
Native extension for WindowsStandalone target not found
Refreshing native plugins compatible for Editor in 0.75 ms, found 4 plugins.
Preloading 1 native plugins for Editor in 0.05 ms.
Invoked RoslynAnalysisRunner static constructor.
RoslynAnalysisRunner will not be running.
RoslynAnalysisRunner has terminated.
Mono: successfully reloaded assembly
- Completed reload, in  0.985 seconds
Platform modules already initialized, skipping
Shader 'Oculus/OVRMRCameraFrameLit': fallback shader 'Alpha-Diffuse' not found
Refreshing native plugins compatible for Editor in 0.66 ms, found 4 plugins.
Preloading 1 native plugins for Editor in 0.04 ms.
Unloading 1694 Unused Serialized files (Serialized files now loaded: 0)
System memory in use before: 153.6 MB.
System memory in use after: 153.7 MB.

Unloading 29 unused Assets to reduce memory usage. Loaded Objects now: 2192.
Total: 2.172000 ms (FindLiveObjects: 0.226400 ms CreateObjectMapping: 0.208800 ms MarkObjects: 1.661900 ms  DeleteObjects: 0.073400 ms)

========================================================================
Received Prepare
Registering precompiled user dll's ...
Registered in 0.002437 seconds.
Begin MonoManager ReloadAssembly
Native extension for WindowsStandalone target not found
Refreshing native plugins compatible for Editor in 0.65 ms, found 4 plugins.
Preloading 1 native plugins for Editor in 0.05 ms.
Invoked RoslynAnalysisRunner static constructor.
RoslynAnalysisRunner will not be running.
RoslynAnalysisRunner has terminated.
Mono: successfully reloaded assembly
- Completed reload, in  1.087 seconds
Platform modules already initialized, skipping
Shader 'Oculus/OVRMRCameraFrameLit': fallback shader 'Alpha-Diffuse' not found
Refreshing native plugins compatible for Editor in 0.77 ms, found 4 plugins.
Preloading 1 native plugins for Editor in 0.04 ms.
Unloading 1694 Unused Serialized files (Serialized files now loaded: 0)
System memory in use before: 153.6 MB.
System memory in use after: 153.7 MB.

Unloading 29 unused Assets to reduce memory usage. Loaded Objects now: 2196.
Total: 3.050600 ms (FindLiveObjects: 0.336600 ms CreateObjectMapping: 0.236400 ms MarkObjects: 2.390700 ms  DeleteObjects: 0.085000 ms)

========================================================================
Received Prepare
Registering precompiled user dll's ...
Registered in 0.002174 seconds.
Begin MonoManager ReloadAssembly
Native extension for WindowsStandalone target not found
Refreshing native plugins compatible for Editor in 0.73 ms, found 4 plugins.
Preloading 1 native plugins for Editor in 0.05 ms.
Invoked RoslynAnalysisRunner static constructor.
RoslynAnalysisRunner will not be running.
RoslynAnalysisRunner has terminated.
Mono: successfully reloaded assembly
- Completed reload, in  1.063 seconds
Platform modules already initialized, skipping
Shader 'Oculus/OVRMRCameraFrameLit': fallback shader 'Alpha-Diffuse' not found
Refreshing native plugins compatible for Editor in 0.75 ms, found 4 plugins.
Preloading 1 native plugins for Editor in 0.05 ms.
Unloading 1694 Unused Serialized files (Serialized files now loaded: 0)
System memory in use before: 153.6 MB.
System memory in use after: 153.7 MB.

Unloading 29 unused Assets to reduce memory usage. Loaded Objects now: 2200.
Total: 3.114900 ms (FindLiveObjects: 0.406300 ms CreateObjectMapping: 0.124800 ms MarkObjects: 2.489100 ms  DeleteObjects: 0.092100 ms)

AssetImportWorkerClient::OnTransportError - code=2 error=End of file
